============================= test session starts ==============================
platform linux -- Python 3.14.3, pytest-9.0.2, pluggy-1.6.0 -- /home/julien/Desktop/Free-Wiggum-opencode/venv/bin/python
cachedir: .pytest_cache
rootdir: /home/julien/Desktop/Free-Wiggum-opencode/projects/invoice-resolver-ai
configfile: pytest.ini
testpaths: tests
plugins: langsmith-0.7.16, anyio-4.12.1, asyncio-1.3.0, cov-7.0.0, mock-3.15.1, dash-4.0.0
asyncio: mode=Mode.STRICT, debug=False, asyncio_default_fixture_loop_scope=None, asyncio_default_test_loop_scope=function
collecting ... collected 166 items / 1 error

==================================== ERRORS ====================================
_________________ ERROR collecting tests/test_integrations.py __________________
ImportError while importing test module '/home/julien/Desktop/Free-Wiggum-opencode/projects/invoice-resolver-ai/tests/test_integrations.py'.
Hint: make sure your test modules/packages have valid Python names.
Traceback:
/usr/lib/python3.14/importlib/__init__.py:88: in import_module
    return _bootstrap._gcd_import(name[level:], package, level)
           ^^^^^^^^^^^^^^^^^^^^^^^^^^^^^^^^^^^^^^^^^^^^^^^^^^^^
tests/test_integrations.py:15: in <module>
    from src.integrations.stripe_client import StripeClient, StripeError
src/integrations/__init__.py:8: in <module>
    from .stripe_client import StripeClient, StripeError
src/integrations/stripe_client.py:13: in <module>
    from stripe.error import (
E   ModuleNotFoundError: No module named 'stripe.error'
=========================== short test summary info ============================
ERROR tests/test_integrations.py
!!!!!!!!!!!!!!!!!!!!!!!!!! stopping after 1 failures !!!!!!!!!!!!!!!!!!!!!!!!!!!
======================== 10 warnings, 1 error in 1.29s =========================
